2019-12-14 14:07:18,888 [INFO]: Loading weights from model/pretrain_cdl
2019-12-14 14:07:18,888 [INFO]: Restoring parameters from model/pretrain_cdl
2019-12-14 14:07:31,063 [INFO]: [#epoch=000000], loss=7061908949.70921, neg_likelihood=1413.39330, gen_loss=83.17912
2019-12-14 14:07:44,287 [INFO]: [#epoch=000001], loss=7409080325.13086, neg_likelihood=1407.43676, gen_loss=87.26830
2019-12-14 14:07:55,145 [INFO]: [#epoch=000002], loss=7306784086.86474, neg_likelihood=1404.06445, gen_loss=86.06340
2019-12-14 14:08:05,891 [INFO]: [#epoch=000003], loss=7445856806.82132, neg_likelihood=1405.20999, gen_loss=87.70148
2019-12-14 14:08:16,882 [INFO]: [#epoch=000004], loss=7252731844.95010, neg_likelihood=1402.14004, gen_loss=85.42674
2019-12-14 14:08:29,148 [INFO]: [#epoch=000005], loss=7587062517.16798, neg_likelihood=1403.42896, gen_loss=89.36468
2019-12-14 14:08:42,952 [INFO]: [#epoch=000006], loss=7732482396.38744, neg_likelihood=1402.73510, gen_loss=91.07751
2019-12-14 14:08:53,724 [INFO]: [#epoch=000007], loss=7330828679.79926, neg_likelihood=1403.95087, gen_loss=86.34661
2019-12-14 14:09:04,519 [INFO]: [#epoch=000008], loss=7553519529.41058, neg_likelihood=1403.49505, gen_loss=88.96959
2019-12-14 14:09:16,182 [INFO]: [#epoch=000009], loss=7283400831.18419, neg_likelihood=1403.38878, gen_loss=85.78798
2019-12-14 14:09:27,158 [INFO]: [#epoch=000010], loss=7264565975.20105, neg_likelihood=1403.05750, gen_loss=85.56613
2019-12-14 14:09:38,884 [INFO]: [#epoch=000011], loss=7579631048.49383, neg_likelihood=1405.24432, gen_loss=89.27715
2019-12-14 14:09:49,983 [INFO]: [#epoch=000012], loss=7486335747.74255, neg_likelihood=1405.54895, gen_loss=88.17826
2019-12-14 14:10:00,850 [INFO]: [#epoch=000013], loss=7299863682.23165, neg_likelihood=1406.53585, gen_loss=85.98189
2019-12-14 14:10:13,713 [INFO]: [#epoch=000014], loss=7266459959.42366, neg_likelihood=1408.39827, gen_loss=85.58844
2019-12-14 14:10:24,558 [INFO]: [#epoch=000015], loss=7294664958.55787, neg_likelihood=1408.75318, gen_loss=85.92065
2019-12-14 14:10:36,938 [INFO]: [#epoch=000016], loss=7628415908.66634, neg_likelihood=1411.29085, gen_loss=89.85176
2019-12-14 14:10:47,908 [INFO]: [#epoch=000017], loss=7663458403.59213, neg_likelihood=1410.48910, gen_loss=90.26451
2019-12-14 14:10:58,811 [INFO]: [#epoch=000018], loss=7005565019.52385, neg_likelihood=1411.73576, gen_loss=82.51547
2019-12-14 14:11:11,272 [INFO]: [#epoch=000019], loss=7397797426.18114, neg_likelihood=1414.82860, gen_loss=87.13541
2019-12-14 14:11:22,010 [INFO]: [#epoch=000020], loss=7377628883.23253, neg_likelihood=1415.12340, gen_loss=86.89785
2019-12-14 14:11:32,829 [INFO]: [#epoch=000021], loss=7682443538.05122, neg_likelihood=1414.63814, gen_loss=90.48813
2019-12-14 14:11:46,341 [INFO]: [#epoch=000022], loss=7656067746.93713, neg_likelihood=1416.98108, gen_loss=90.17746
2019-12-14 14:11:57,137 [INFO]: [#epoch=000023], loss=7579261854.07988, neg_likelihood=1420.11992, gen_loss=89.27280
2019-12-14 14:12:07,934 [INFO]: [#epoch=000024], loss=7646349124.58923, neg_likelihood=1419.51111, gen_loss=90.06299
2019-12-14 14:12:18,894 [INFO]: [#epoch=000025], loss=7491987255.81873, neg_likelihood=1420.55262, gen_loss=88.24483
2019-12-14 14:12:29,757 [INFO]: [#epoch=000026], loss=7806426615.88586, neg_likelihood=1422.09924, gen_loss=91.94847
2019-12-14 14:12:42,972 [INFO]: [#epoch=000027], loss=7495550451.51695, neg_likelihood=1422.73887, gen_loss=88.28680
2019-12-14 14:12:55,031 [INFO]: [#epoch=000028], loss=7492312423.19325, neg_likelihood=1424.65809, gen_loss=88.24866
2019-12-14 14:13:05,854 [INFO]: [#epoch=000029], loss=7218309904.58599, neg_likelihood=1426.80279, gen_loss=85.02130
2019-12-14 14:13:17,245 [INFO]: [#epoch=000030], loss=7223316900.47414, neg_likelihood=1426.53615, gen_loss=85.08028
2019-12-14 14:13:28,057 [INFO]: [#epoch=000031], loss=7341675036.12099, neg_likelihood=1427.72255, gen_loss=86.47437
2019-12-14 14:13:40,923 [INFO]: [#epoch=000032], loss=7679985397.05760, neg_likelihood=1430.23021, gen_loss=90.45918
2019-12-14 14:13:51,643 [INFO]: [#epoch=000033], loss=7686582584.10585, neg_likelihood=1430.23622, gen_loss=90.53688
2019-12-14 14:14:03,244 [INFO]: [#epoch=000034], loss=7490111424.93680, neg_likelihood=1431.95584, gen_loss=88.22273
2019-12-14 14:14:15,417 [INFO]: [#epoch=000035], loss=7616279306.46411, neg_likelihood=1430.94531, gen_loss=89.70881
2019-12-14 14:14:26,258 [INFO]: [#epoch=000036], loss=7521301839.41887, neg_likelihood=1434.29802, gen_loss=88.59011
2019-12-14 14:14:37,009 [INFO]: [#epoch=000037], loss=7469506956.53260, neg_likelihood=1432.85096, gen_loss=87.98004
2019-12-14 14:14:47,869 [INFO]: [#epoch=000038], loss=7494181796.64631, neg_likelihood=1433.18195, gen_loss=88.27068
2019-12-14 14:14:58,715 [INFO]: [#epoch=000039], loss=8008880276.08354, neg_likelihood=1435.44633, gen_loss=94.33308
2019-12-14 14:15:10,970 [INFO]: [#epoch=000040], loss=7834513739.84942, neg_likelihood=1435.16192, gen_loss=92.27930
2019-12-14 14:15:21,859 [INFO]: [#epoch=000041], loss=7594817240.50474, neg_likelihood=1436.21397, gen_loss=89.45602
2019-12-14 14:15:32,679 [INFO]: [#epoch=000042], loss=8052650365.08892, neg_likelihood=1439.30767, gen_loss=94.84863
2019-12-14 14:15:45,011 [INFO]: [#epoch=000043], loss=7560246946.52021, neg_likelihood=1438.70771, gen_loss=89.04883
2019-12-14 14:15:55,835 [INFO]: [#epoch=000044], loss=8032341265.84853, neg_likelihood=1441.93495, gen_loss=94.60942
2019-12-14 14:16:07,708 [INFO]: [#epoch=000045], loss=7327906133.57963, neg_likelihood=1440.73905, gen_loss=86.31219
2019-12-14 14:16:20,026 [INFO]: [#epoch=000046], loss=7680867622.16409, neg_likelihood=1439.45535, gen_loss=90.46957
2019-12-14 14:16:30,827 [INFO]: [#epoch=000047], loss=7433678120.38922, neg_likelihood=1443.44830, gen_loss=87.55803
2019-12-14 14:16:44,641 [INFO]: [#epoch=000048], loss=7579650516.94430, neg_likelihood=1441.62692, gen_loss=89.27737
2019-12-14 14:16:55,457 [INFO]: [#epoch=000049], loss=7790874507.96147, neg_likelihood=1445.82768, gen_loss=91.76529
2019-12-14 14:17:06,352 [INFO]: [#epoch=000050], loss=7722818222.55414, neg_likelihood=1443.98969, gen_loss=90.96368
2019-12-14 14:17:18,597 [INFO]: [#epoch=000051], loss=7298723705.54799, neg_likelihood=1444.50063, gen_loss=85.96846
2019-12-14 14:17:29,517 [INFO]: [#epoch=000052], loss=7544655956.95131, neg_likelihood=1444.92739, gen_loss=88.86519
2019-12-14 14:17:42,187 [INFO]: [#epoch=000053], loss=7975476562.75546, neg_likelihood=1446.78866, gen_loss=93.93964
2019-12-14 14:17:53,065 [INFO]: [#epoch=000054], loss=7495091231.44510, neg_likelihood=1447.20437, gen_loss=88.28139
2019-12-14 14:18:04,013 [INFO]: [#epoch=000055], loss=7549275609.15260, neg_likelihood=1446.86012, gen_loss=88.91960
2019-12-14 14:18:15,707 [INFO]: [#epoch=000056], loss=7455201728.09786, neg_likelihood=1445.04732, gen_loss=87.81155
2019-12-14 14:18:27,973 [INFO]: [#epoch=000057], loss=7603044790.16991, neg_likelihood=1448.34252, gen_loss=89.55293
2019-12-14 14:18:40,830 [INFO]: [#epoch=000058], loss=7739401554.54334, neg_likelihood=1449.25770, gen_loss=91.15901
2019-12-14 14:18:51,888 [INFO]: [#epoch=000059], loss=7658240933.71731, neg_likelihood=1450.83767, gen_loss=90.20306
2019-12-14 14:19:02,838 [INFO]: [#epoch=000060], loss=7582345106.39349, neg_likelihood=1450.99798, gen_loss=89.30911
2019-12-14 14:19:15,661 [INFO]: [#epoch=000061], loss=7432875585.44559, neg_likelihood=1452.90775, gen_loss=87.54858
2019-12-14 14:19:28,011 [INFO]: [#epoch=000062], loss=7749935034.85503, neg_likelihood=1453.31206, gen_loss=91.28308
2019-12-14 14:19:41,233 [INFO]: [#epoch=000063], loss=7481418833.37459, neg_likelihood=1452.08797, gen_loss=88.12035
2019-12-14 14:19:52,112 [INFO]: [#epoch=000064], loss=7707644378.51609, neg_likelihood=1454.01658, gen_loss=90.78496
2019-12-14 14:20:02,952 [INFO]: [#epoch=000065], loss=7474990060.93393, neg_likelihood=1455.43466, gen_loss=88.04462
2019-12-14 14:20:15,387 [INFO]: [#epoch=000066], loss=7737080722.59095, neg_likelihood=1453.94471, gen_loss=91.13168
2019-12-14 14:20:26,296 [INFO]: [#epoch=000067], loss=7780004220.76968, neg_likelihood=1457.40298, gen_loss=91.63725
2019-12-14 14:20:38,378 [INFO]: [#epoch=000068], loss=7446609523.67656, neg_likelihood=1453.30303, gen_loss=87.71034
2019-12-14 14:20:49,489 [INFO]: [#epoch=000069], loss=7496192390.52481, neg_likelihood=1455.77139, gen_loss=88.29436
2019-12-14 14:21:00,391 [INFO]: [#epoch=000070], loss=7593649396.38597, neg_likelihood=1459.37425, gen_loss=89.44226
2019-12-14 14:21:13,658 [INFO]: [#epoch=000071], loss=7268506852.03774, neg_likelihood=1456.52993, gen_loss=85.61255
2019-12-14 14:21:24,482 [INFO]: [#epoch=000072], loss=7461677154.57388, neg_likelihood=1458.77310, gen_loss=87.88782
2019-12-14 14:21:35,494 [INFO]: [#epoch=000073], loss=7659118622.38050, neg_likelihood=1457.76868, gen_loss=90.21339
2019-12-14 14:21:48,364 [INFO]: [#epoch=000074], loss=7333435220.73579, neg_likelihood=1456.85029, gen_loss=86.37731
2019-12-14 14:21:59,149 [INFO]: [#epoch=000075], loss=7878391367.70253, neg_likelihood=1453.76211, gen_loss=92.79611
2019-12-14 14:22:12,135 [INFO]: [#epoch=000076], loss=7860820897.83368, neg_likelihood=1459.66229, gen_loss=92.58916
2019-12-14 14:22:23,026 [INFO]: [#epoch=000077], loss=7665875151.95139, neg_likelihood=1457.34080, gen_loss=90.29298
2019-12-14 14:22:33,883 [INFO]: [#epoch=000078], loss=7635235319.11624, neg_likelihood=1461.38919, gen_loss=89.93208
2019-12-14 14:22:46,508 [INFO]: [#epoch=000079], loss=7568817802.22609, neg_likelihood=1457.01125, gen_loss=89.14978
2019-12-14 14:22:57,408 [INFO]: [#epoch=000080], loss=7751551786.46706, neg_likelihood=1456.87722, gen_loss=91.30212
2019-12-14 14:23:08,785 [INFO]: [#epoch=000081], loss=7603849288.17935, neg_likelihood=1458.74209, gen_loss=89.56240
2019-12-14 14:23:19,694 [INFO]: [#epoch=000082], loss=7582315961.89356, neg_likelihood=1454.59986, gen_loss=89.30877
2019-12-14 14:23:30,558 [INFO]: [#epoch=000083], loss=7438400127.33037, neg_likelihood=1457.89678, gen_loss=87.61365
2019-12-14 14:23:43,998 [INFO]: [#epoch=000084], loss=7326717555.18332, neg_likelihood=1457.16086, gen_loss=86.29819
2019-12-14 14:23:56,051 [INFO]: [#epoch=000085], loss=7481140312.78304, neg_likelihood=1457.80257, gen_loss=88.11707
2019-12-14 14:24:07,026 [INFO]: [#epoch=000086], loss=7804623360.27400, neg_likelihood=1462.38582, gen_loss=91.92723
2019-12-14 14:24:18,104 [INFO]: [#epoch=000087], loss=7359530546.48310, neg_likelihood=1458.65351, gen_loss=86.68468
2019-12-14 14:24:29,024 [INFO]: [#epoch=000088], loss=7944439676.10945, neg_likelihood=1458.94636, gen_loss=93.57407
2019-12-14 14:24:41,196 [INFO]: [#epoch=000089], loss=7637980419.88783, neg_likelihood=1458.70619, gen_loss=89.96442
2019-12-14 14:24:52,197 [INFO]: [#epoch=000090], loss=7550146830.68861, neg_likelihood=1464.01990, gen_loss=88.92986
2019-12-14 14:25:04,926 [INFO]: [#epoch=000091], loss=7796222228.62904, neg_likelihood=1461.41712, gen_loss=91.82828
2019-12-14 14:25:16,114 [INFO]: [#epoch=000092], loss=8045815479.16557, neg_likelihood=1459.39018, gen_loss=94.76813
2019-12-14 14:25:27,103 [INFO]: [#epoch=000093], loss=7753186671.10224, neg_likelihood=1456.86884, gen_loss=91.32138
2019-12-14 14:25:37,947 [INFO]: [#epoch=000094], loss=7549181053.47111, neg_likelihood=1460.57560, gen_loss=88.91849
2019-12-14 14:25:48,935 [INFO]: [#epoch=000095], loss=7869957215.42013, neg_likelihood=1466.67135, gen_loss=92.69677
2019-12-14 14:26:00,384 [INFO]: [#epoch=000096], loss=7630341032.13741, neg_likelihood=1464.57149, gen_loss=89.87444
2019-12-14 14:26:13,752 [INFO]: [#epoch=000097], loss=7513932579.42638, neg_likelihood=1462.17784, gen_loss=88.50331
2019-12-14 14:26:24,660 [INFO]: [#epoch=000098], loss=7293050854.34699, neg_likelihood=1461.64679, gen_loss=85.90164
2019-12-14 14:26:52,607 [INFO]: [#epoch=000099], loss=7830334567.30279, neg_likelihood=1452.67877, gen_loss=92.23007
2019-12-14 14:26:52,646 [INFO]: Weights saved at model/cdl
2019-12-14 14:26:52,669 [INFO]: Weights saved at model/pmf_cdl
